<?xml version="1.0" encoding="UTF-8" ?>
<testsuite errors="0" skipped="0" tests="1" time="0.121" failures="0" name="hxt.hib.TestHibernate">
  <properties>
    <property value="Java(TM) 2 Runtime Environment, Standard Edition" name="java.runtime.name"/>
    <property value="D:\Java\jdk1.5.0_11\jre\bin" name="sun.boot.library.path"/>
    <property value="1.5.0_11-b03" name="java.vm.version"/>
    <property value="Sun Microsystems Inc." name="java.vm.vendor"/>
    <property value="http://java.sun.com/" name="java.vendor.url"/>
    <property value=";" name="path.separator"/>
    <property value="true" name="guice.disable.misplaced.annotation.check"/>
    <property value="Java HotSpot(TM) Client VM" name="java.vm.name"/>
    <property value="sun.io" name="file.encoding.pkg"/>
    <property value="CN" name="user.country"/>
    <property value="SUN_STANDARD" name="sun.java.launcher"/>
    <property value="Service Pack 1" name="sun.os.patch.level"/>
    <property value="Java Virtual Machine Specification" name="java.vm.specification.name"/>
    <property value="E:\workspace\com.hxgroup.aweb" name="user.dir"/>
    <property value="1.5.0_11-b03" name="java.runtime.version"/>
    <property value="sun.awt.Win32GraphicsEnvironment" name="java.awt.graphicsenv"/>
    <property value="D:\Java\jdk1.5.0_11\jre\lib\endorsed" name="java.endorsed.dirs"/>
    <property value="x86" name="os.arch"/>
    <property value="C:\Users\ADMINI~1\AppData\Local\Temp\" name="java.io.tmpdir"/>
    <property value="
" name="line.separator"/>
    <property value="Sun Microsystems Inc." name="java.vm.specification.vendor"/>
    <property value="" name="user.variant"/>
    <property value="Windows Vista" name="os.name"/>
    <property value="E:\workspace\.metadata\.plugins\org.eclipse.m2e.core\launches\m2conf89024009471462878.tmp" name="classworlds.conf"/>
    <property value="GBK" name="sun.jnu.encoding"/>
    <property value="D:\Java\jdk1.5.0_11\bin;.;C:\Windows\system32;C:\Windows;D:\Java\jdk1.5.0_11\jre\bin;C:/Program Files/Java/jre7/bin/client;C:/Program Files/Java/jre7/bin;C:/Program Files/Java/jre7/lib/i386;C:\Windows\system32;C:\Windows;C:\Windows\System32\Wbem;C:\Windows\System32\WindowsPowerShell\v1.0\;D:\Java\jdk1.7.0_11\bin;D:\Java\jdk1.7.0_11\jre\bin;F:\stu\apache-maven-3.0.5\bin;D:\eclipse;" name="java.library.path"/>
    <property value="Java Platform API Specification" name="java.specification.name"/>
    <property value="49.0" name="java.class.version"/>
    <property value="HotSpot Client Compiler" name="sun.management.compiler"/>
    <property value="6.1" name="os.version"/>
    <property value="C:\Users\Administrator" name="user.home"/>
    <property value="Asia/Shanghai" name="user.timezone"/>
    <property value="sun.awt.windows.WPrinterJob" name="java.awt.printerjob"/>
    <property value="UTF-8" name="file.encoding"/>
    <property value="1.5" name="java.specification.version"/>
    <property value="Administrator" name="user.name"/>
    <property value="F:\stu\apache-maven-3.0.5\boot\plexus-classworlds-2.4.jar" name="java.class.path"/>
    <property value="1.0" name="java.vm.specification.version"/>
    <property value="32" name="sun.arch.data.model"/>
    <property value="D:\Java\jdk1.5.0_11\jre" name="java.home"/>
    <property value="Sun Microsystems Inc." name="java.specification.vendor"/>
    <property value="zh" name="user.language"/>
    <property value="sun.awt.windows.WToolkit" name="awt.toolkit"/>
    <property value="mixed mode" name="java.vm.info"/>
    <property value="1.5.0_11" name="java.version"/>
    <property value="D:\Java\jdk1.5.0_11\jre\lib\ext" name="java.ext.dirs"/>
    <property value="D:\Java\jdk1.5.0_11\jre\lib\rt.jar;D:\Java\jdk1.5.0_11\jre\lib\i18n.jar;D:\Java\jdk1.5.0_11\jre\lib\sunrsasign.jar;D:\Java\jdk1.5.0_11\jre\lib\jsse.jar;D:\Java\jdk1.5.0_11\jre\lib\jce.jar;D:\Java\jdk1.5.0_11\jre\lib\charsets.jar;D:\Java\jdk1.5.0_11\jre\classes" name="sun.boot.class.path"/>
    <property value="Sun Microsystems Inc." name="java.vendor"/>
    <property value="F:\stu\apache-maven-3.0.5" name="maven.home"/>
    <property value="\" name="file.separator"/>
    <property value="http://java.sun.com/cgi-bin/bugreport.cgi" name="java.vendor.url.bug"/>
    <property value="little" name="sun.cpu.endian"/>
    <property value="UnicodeLittle" name="sun.io.unicode.encoding"/>
    <property value="windows" name="sun.desktop"/>
    <property value="" name="sun.cpu.isalist"/>
  </properties>
  <testcase classname="hxt.hib.TestHibernate" time="0.01" name="testBBB"/>
</testsuite>